<?xml version="1.0" encoding="UTF-8"?>
<testsuite xmlns:xsi="http://www.w3.org/2001/XMLSchema-instance" xsi:noNamespaceSchemaLocation="https://maven.apache.org/surefire/maven-surefire-plugin/xsd/surefire-test-report.xsd" name="com.myblog.wj.MyblogApplicationTests" time="14.125" tests="1" errors="0" skipped="0" failures="0">
  <properties>
    <property name="sun.desktop" value="windows"/>
    <property name="awt.toolkit" value="sun.awt.windows.WToolkit"/>
    <property name="file.encoding.pkg" value="sun.io"/>
    <property name="java.specification.version" value="1.8"/>
    <property name="sun.cpu.isalist" value="amd64"/>
    <property name="sun.jnu.encoding" value="GBK"/>
    <property name="java.class.path" value="D:\Code\Idea\myblog\target\test-classes;D:\Code\Idea\myblog\target\classes;D:\Maven\MavenRep\org\springframework\boot\spring-boot-starter-data-redis\2.1.6.RELEASE\spring-boot-starter-data-redis-2.1.6.RELEASE.jar;D:\Maven\MavenRep\org\springframework\boot\spring-boot-starter\2.1.6.RELEASE\spring-boot-starter-2.1.6.RELEASE.jar;D:\Maven\MavenRep\org\springframework\boot\spring-boot-starter-logging\2.1.6.RELEASE\spring-boot-starter-logging-2.1.6.RELEASE.jar;D:\Maven\MavenRep\ch\qos\logback\logback-classic\1.2.3\logback-classic-1.2.3.jar;D:\Maven\MavenRep\ch\qos\logback\logback-core\1.2.3\logback-core-1.2.3.jar;D:\Maven\MavenRep\org\apache\logging\log4j\log4j-to-slf4j\2.11.2\log4j-to-slf4j-2.11.2.jar;D:\Maven\MavenRep\org\apache\logging\log4j\log4j-api\2.11.2\log4j-api-2.11.2.jar;D:\Maven\MavenRep\org\slf4j\jul-to-slf4j\1.7.26\jul-to-slf4j-1.7.26.jar;D:\Maven\MavenRep\org\yaml\snakeyaml\1.23\snakeyaml-1.23.jar;D:\Maven\MavenRep\org\springframework\data\spring-data-redis\2.1.9.RELEASE\spring-data-redis-2.1.9.RELEASE.jar;D:\Maven\MavenRep\org\springframework\data\spring-data-keyvalue\2.1.9.RELEASE\spring-data-keyvalue-2.1.9.RELEASE.jar;D:\Maven\MavenRep\org\springframework\data\spring-data-commons\2.1.9.RELEASE\spring-data-commons-2.1.9.RELEASE.jar;D:\Maven\MavenRep\org\springframework\spring-tx\5.1.8.RELEASE\spring-tx-5.1.8.RELEASE.jar;D:\Maven\MavenRep\org\springframework\spring-oxm\5.1.8.RELEASE\spring-oxm-5.1.8.RELEASE.jar;D:\Maven\MavenRep\org\springframework\boot\spring-boot-starter-cache\2.1.6.RELEASE\spring-boot-starter-cache-2.1.6.RELEASE.jar;D:\Maven\MavenRep\org\springframework\spring-context-support\5.1.8.RELEASE\spring-context-support-5.1.8.RELEASE.jar;D:\Maven\MavenRep\org\springframework\spring-beans\5.1.8.RELEASE\spring-beans-5.1.8.RELEASE.jar;D:\Maven\MavenRep\org\springframework\spring-context\5.1.8.RELEASE\spring-context-5.1.8.RELEASE.jar;D:\Maven\MavenRep\io\lettuce\lettuce-core\5.1.7.RELEASE\lettuce-core-5.1.7.RELEASE.jar;D:\Maven\MavenRep\io\netty\netty-common\4.1.36.Final\netty-common-4.1.36.Final.jar;D:\Maven\MavenRep\io\netty\netty-handler\4.1.36.Final\netty-handler-4.1.36.Final.jar;D:\Maven\MavenRep\io\netty\netty-buffer\4.1.36.Final\netty-buffer-4.1.36.Final.jar;D:\Maven\MavenRep\io\netty\netty-codec\4.1.36.Final\netty-codec-4.1.36.Final.jar;D:\Maven\MavenRep\io\netty\netty-transport\4.1.36.Final\netty-transport-4.1.36.Final.jar;D:\Maven\MavenRep\io\netty\netty-resolver\4.1.36.Final\netty-resolver-4.1.36.Final.jar;D:\Maven\MavenRep\io\projectreactor\reactor-core\3.2.10.RELEASE\reactor-core-3.2.10.RELEASE.jar;D:\Maven\MavenRep\org\reactivestreams\reactive-streams\1.0.2\reactive-streams-1.0.2.jar;D:\Maven\MavenRep\redis\clients\jedis\2.9.3\jedis-2.9.3.jar;D:\Maven\MavenRep\org\slf4j\slf4j-api\1.7.26\slf4j-api-1.7.26.jar;D:\Maven\MavenRep\org\apache\commons\commons-pool2\2.6.2\commons-pool2-2.6.2.jar;D:\Maven\MavenRep\org\springframework\boot\spring-boot-starter-web\2.1.6.RELEASE\spring-boot-starter-web-2.1.6.RELEASE.jar;D:\Maven\MavenRep\org\springframework\boot\spring-boot-starter-json\2.1.6.RELEASE\spring-boot-starter-json-2.1.6.RELEASE.jar;D:\Maven\MavenRep\com\fasterxml\jackson\datatype\jackson-datatype-jdk8\2.9.9\jackson-datatype-jdk8-2.9.9.jar;D:\Maven\MavenRep\com\fasterxml\jackson\datatype\jackson-datatype-jsr310\2.9.9\jackson-datatype-jsr310-2.9.9.jar;D:\Maven\MavenRep\com\fasterxml\jackson\module\jackson-module-parameter-names\2.9.9\jackson-module-parameter-names-2.9.9.jar;D:\Maven\MavenRep\org\hibernate\validator\hibernate-validator\6.0.17.Final\hibernate-validator-6.0.17.Final.jar;D:\Maven\MavenRep\javax\validation\validation-api\2.0.1.Final\validation-api-2.0.1.Final.jar;D:\Maven\MavenRep\org\jboss\logging\jboss-logging\3.3.2.Final\jboss-logging-3.3.2.Final.jar;D:\Maven\MavenRep\com\fasterxml\classmate\1.4.0\classmate-1.4.0.jar;D:\Maven\MavenRep\org\springframework\spring-web\5.1.8.RELEASE\spring-web-5.1.8.RELEASE.jar;D:\Maven\MavenRep\org\springframework\spring-webmvc\5.1.8.RELEASE\spring-webmvc-5.1.8.RELEASE.jar;D:\Maven\MavenRep\org\springframework\spring-expression\5.1.8.RELEASE\spring-expression-5.1.8.RELEASE.jar;D:\Maven\MavenRep\mysql\mysql-connector-java\8.0.16\mysql-connector-java-8.0.16.jar;D:\Maven\MavenRep\com\alibaba\druid\1.1.9\druid-1.1.9.jar;D:\Maven\MavenRep\org\springframework\boot\spring-boot-starter-tomcat\2.1.6.RELEASE\spring-boot-starter-tomcat-2.1.6.RELEASE.jar;D:\Maven\MavenRep\javax\annotation\javax.annotation-api\1.3.2\javax.annotation-api-1.3.2.jar;D:\Maven\MavenRep\org\apache\tomcat\embed\tomcat-embed-core\9.0.21\tomcat-embed-core-9.0.21.jar;D:\Maven\MavenRep\org\apache\tomcat\embed\tomcat-embed-el\9.0.21\tomcat-embed-el-9.0.21.jar;D:\Maven\MavenRep\org\apache\tomcat\embed\tomcat-embed-websocket\9.0.21\tomcat-embed-websocket-9.0.21.jar;D:\Maven\MavenRep\org\springframework\boot\spring-boot-starter-test\2.1.6.RELEASE\spring-boot-starter-test-2.1.6.RELEASE.jar;D:\Maven\MavenRep\org\springframework\boot\spring-boot-test-autoconfigure\2.1.6.RELEASE\spring-boot-test-autoconfigure-2.1.6.RELEASE.jar;D:\Maven\MavenRep\com\jayway\jsonpath\json-path\2.4.0\json-path-2.4.0.jar;D:\Maven\MavenRep\net\minidev\json-smart\2.3\json-smart-2.3.jar;D:\Maven\MavenRep\net\minidev\accessors-smart\1.2\accessors-smart-1.2.jar;D:\Maven\MavenRep\org\ow2\asm\asm\5.0.4\asm-5.0.4.jar;D:\Maven\MavenRep\org\assertj\assertj-core\3.11.1\assertj-core-3.11.1.jar;D:\Maven\MavenRep\org\mockito\mockito-core\2.23.4\mockito-core-2.23.4.jar;D:\Maven\MavenRep\net\bytebuddy\byte-buddy\1.9.13\byte-buddy-1.9.13.jar;D:\Maven\MavenRep\net\bytebuddy\byte-buddy-agent\1.9.13\byte-buddy-agent-1.9.13.jar;D:\Maven\MavenRep\org\objenesis\objenesis\2.6\objenesis-2.6.jar;D:\Maven\MavenRep\org\hamcrest\hamcrest-core\1.3\hamcrest-core-1.3.jar;D:\Maven\MavenRep\org\hamcrest\hamcrest-library\1.3\hamcrest-library-1.3.jar;D:\Maven\MavenRep\org\skyscreamer\jsonassert\1.5.0\jsonassert-1.5.0.jar;D:\Maven\MavenRep\com\vaadin\external\google\android-json\0.0.20131108.vaadin1\android-json-0.0.20131108.vaadin1.jar;D:\Maven\MavenRep\org\springframework\spring-core\5.1.8.RELEASE\spring-core-5.1.8.RELEASE.jar;D:\Maven\MavenRep\org\springframework\spring-jcl\5.1.8.RELEASE\spring-jcl-5.1.8.RELEASE.jar;D:\Maven\MavenRep\org\xmlunit\xmlunit-core\2.6.2\xmlunit-core-2.6.2.jar;D:\Maven\MavenRep\com\baomidou\mybatis-plus-boot-starter\3.1.2\mybatis-plus-boot-starter-3.1.2.jar;D:\Maven\MavenRep\org\springframework\boot\spring-boot-autoconfigure\2.1.6.RELEASE\spring-boot-autoconfigure-2.1.6.RELEASE.jar;D:\Maven\MavenRep\org\springframework\boot\spring-boot-starter-jdbc\2.1.6.RELEASE\spring-boot-starter-jdbc-2.1.6.RELEASE.jar;D:\Maven\MavenRep\com\zaxxer\HikariCP\3.2.0\HikariCP-3.2.0.jar;D:\Maven\MavenRep\org\springframework\spring-jdbc\5.1.8.RELEASE\spring-jdbc-5.1.8.RELEASE.jar;D:\Maven\MavenRep\com\baomidou\mybatis-plus\3.1.2\mybatis-plus-3.1.2.jar;D:\Maven\MavenRep\com\baomidou\mybatis-plus-extension\3.1.2\mybatis-plus-extension-3.1.2.jar;D:\Maven\MavenRep\com\baomidou\mybatis-plus-core\3.1.2\mybatis-plus-core-3.1.2.jar;D:\Maven\MavenRep\com\baomidou\mybatis-plus-annotation\3.1.2\mybatis-plus-annotation-3.1.2.jar;D:\Maven\MavenRep\org\mybatis\mybatis-spring\2.0.1\mybatis-spring-2.0.1.jar;D:\Maven\MavenRep\org\projectlombok\lombok\1.18.8\lombok-1.18.8.jar;D:\Maven\MavenRep\io\jsonwebtoken\jjwt\0.9.1\jjwt-0.9.1.jar;D:\Maven\MavenRep\com\fasterxml\jackson\core\jackson-databind\2.9.9\jackson-databind-2.9.9.jar;D:\Maven\MavenRep\com\fasterxml\jackson\core\jackson-annotations\2.9.0\jackson-annotations-2.9.0.jar;D:\Maven\MavenRep\com\fasterxml\jackson\core\jackson-core\2.9.9\jackson-core-2.9.9.jar;D:\Maven\MavenRep\junit\junit\4.12\junit-4.12.jar;D:\Maven\MavenRep\org\springframework\spring-test\5.1.8.RELEASE\spring-test-5.1.8.RELEASE.jar;D:\Maven\MavenRep\org\springframework\boot\spring-boot-test\2.1.6.RELEASE\spring-boot-test-2.1.6.RELEASE.jar;D:\Maven\MavenRep\org\springframework\boot\spring-boot\2.1.6.RELEASE\spring-boot-2.1.6.RELEASE.jar;D:\Maven\MavenRep\org\springframework\boot\spring-boot-starter-security\2.1.6.RELEASE\spring-boot-starter-security-2.1.6.RELEASE.jar;D:\Maven\MavenRep\org\springframework\spring-aop\5.1.8.RELEASE\spring-aop-5.1.8.RELEASE.jar;D:\Maven\MavenRep\org\springframework\security\spring-security-config\5.1.5.RELEASE\spring-security-config-5.1.5.RELEASE.jar;D:\Maven\MavenRep\org\springframework\security\spring-security-core\5.1.5.RELEASE\spring-security-core-5.1.5.RELEASE.jar;D:\Maven\MavenRep\org\springframework\security\spring-security-web\5.1.5.RELEASE\spring-security-web-5.1.5.RELEASE.jar;D:\Maven\MavenRep\org\springframework\boot\spring-boot-starter-thymeleaf\2.1.6.RELEASE\spring-boot-starter-thymeleaf-2.1.6.RELEASE.jar;D:\Maven\MavenRep\org\thymeleaf\thymeleaf-spring5\3.0.11.RELEASE\thymeleaf-spring5-3.0.11.RELEASE.jar;D:\Maven\MavenRep\org\thymeleaf\thymeleaf\3.0.11.RELEASE\thymeleaf-3.0.11.RELEASE.jar;D:\Maven\MavenRep\org\attoparser\attoparser\2.0.5.RELEASE\attoparser-2.0.5.RELEASE.jar;D:\Maven\MavenRep\org\unbescape\unbescape\1.1.6.RELEASE\unbescape-1.1.6.RELEASE.jar;D:\Maven\MavenRep\org\thymeleaf\extras\thymeleaf-extras-java8time\3.0.4.RELEASE\thymeleaf-extras-java8time-3.0.4.RELEASE.jar;D:\Maven\MavenRep\org\springframework\boot\spring-boot-starter-freemarker\2.1.6.RELEASE\spring-boot-starter-freemarker-2.1.6.RELEASE.jar;D:\Maven\MavenRep\org\freemarker\freemarker\2.3.28\freemarker-2.3.28.jar;D:\Maven\MavenRep\net\sourceforge\nekohtml\nekohtml\1.9.22\nekohtml-1.9.22.jar;D:\Maven\MavenRep\xerces\xercesImpl\2.11.0\xercesImpl-2.11.0.jar;D:\Maven\MavenRep\xml-apis\xml-apis\1.4.01\xml-apis-1.4.01.jar;D:\Maven\MavenRep\com\github\pagehelper\pagehelper-spring-boot-starter\1.2.12\pagehelper-spring-boot-starter-1.2.12.jar;D:\Maven\MavenRep\org\mybatis\spring\boot\mybatis-spring-boot-starter\2.0.1\mybatis-spring-boot-starter-2.0.1.jar;D:\Maven\MavenRep\org\mybatis\spring\boot\mybatis-spring-boot-autoconfigure\2.0.1\mybatis-spring-boot-autoconfigure-2.0.1.jar;D:\Maven\MavenRep\org\mybatis\mybatis\3.5.1\mybatis-3.5.1.jar;D:\Maven\MavenRep\com\github\pagehelper\pagehelper-spring-boot-autoconfigure\1.2.12\pagehelper-spring-boot-autoconfigure-1.2.12.jar;D:\Maven\MavenRep\com\github\pagehelper\pagehelper\5.1.10\pagehelper-5.1.10.jar;D:\Maven\MavenRep\com\github\jsqlparser\jsqlparser\2.0\jsqlparser-2.0.jar;"/>
    <property name="java.vm.vendor" value="Oracle Corporation"/>
    <property name="sun.arch.data.model" value="64"/>
    <property name="user.variant" value=""/>
    <property name="java.vendor.url" value="http://java.oracle.com/"/>
    <property name="user.timezone" value="Asia/Shanghai"/>
    <property name="java.vm.specification.version" value="1.8"/>
    <property name="os.name" value="Windows 10"/>
    <property name="user.country" value="CN"/>
    <property name="sun.java.launcher" value="SUN_STANDARD"/>
    <property name="sun.boot.library.path" value="C:\Program Files\Software\jdk1.8.0_25\jre\bin"/>
    <property name="sun.java.command" value="C:\Users\WJ\AppData\Local\Temp\surefire1632646553678994607\surefirebooter6728195436763660520.jar C:\Users\WJ\AppData\Local\Temp\surefire1632646553678994607 2019-11-20T22-36-26_408-jvmRun1 surefire3843459906057212586tmp surefire_04188992504380609458tmp"/>
    <property name="surefire.test.class.path" value="D:\Code\Idea\myblog\target\test-classes;D:\Code\Idea\myblog\target\classes;D:\Maven\MavenRep\org\springframework\boot\spring-boot-starter-data-redis\2.1.6.RELEASE\spring-boot-starter-data-redis-2.1.6.RELEASE.jar;D:\Maven\MavenRep\org\springframework\boot\spring-boot-starter\2.1.6.RELEASE\spring-boot-starter-2.1.6.RELEASE.jar;D:\Maven\MavenRep\org\springframework\boot\spring-boot-starter-logging\2.1.6.RELEASE\spring-boot-starter-logging-2.1.6.RELEASE.jar;D:\Maven\MavenRep\ch\qos\logback\logback-classic\1.2.3\logback-classic-1.2.3.jar;D:\Maven\MavenRep\ch\qos\logback\logback-core\1.2.3\logback-core-1.2.3.jar;D:\Maven\MavenRep\org\apache\logging\log4j\log4j-to-slf4j\2.11.2\log4j-to-slf4j-2.11.2.jar;D:\Maven\MavenRep\org\apache\logging\log4j\log4j-api\2.11.2\log4j-api-2.11.2.jar;D:\Maven\MavenRep\org\slf4j\jul-to-slf4j\1.7.26\jul-to-slf4j-1.7.26.jar;D:\Maven\MavenRep\org\yaml\snakeyaml\1.23\snakeyaml-1.23.jar;D:\Maven\MavenRep\org\springframework\data\spring-data-redis\2.1.9.RELEASE\spring-data-redis-2.1.9.RELEASE.jar;D:\Maven\MavenRep\org\springframework\data\spring-data-keyvalue\2.1.9.RELEASE\spring-data-keyvalue-2.1.9.RELEASE.jar;D:\Maven\MavenRep\org\springframework\data\spring-data-commons\2.1.9.RELEASE\spring-data-commons-2.1.9.RELEASE.jar;D:\Maven\MavenRep\org\springframework\spring-tx\5.1.8.RELEASE\spring-tx-5.1.8.RELEASE.jar;D:\Maven\MavenRep\org\springframework\spring-oxm\5.1.8.RELEASE\spring-oxm-5.1.8.RELEASE.jar;D:\Maven\MavenRep\org\springframework\boot\spring-boot-starter-cache\2.1.6.RELEASE\spring-boot-starter-cache-2.1.6.RELEASE.jar;D:\Maven\MavenRep\org\springframework\spring-context-support\5.1.8.RELEASE\spring-context-support-5.1.8.RELEASE.jar;D:\Maven\MavenRep\org\springframework\spring-beans\5.1.8.RELEASE\spring-beans-5.1.8.RELEASE.jar;D:\Maven\MavenRep\org\springframework\spring-context\5.1.8.RELEASE\spring-context-5.1.8.RELEASE.jar;D:\Maven\MavenRep\io\lettuce\lettuce-core\5.1.7.RELEASE\lettuce-core-5.1.7.RELEASE.jar;D:\Maven\MavenRep\io\netty\netty-common\4.1.36.Final\netty-common-4.1.36.Final.jar;D:\Maven\MavenRep\io\netty\netty-handler\4.1.36.Final\netty-handler-4.1.36.Final.jar;D:\Maven\MavenRep\io\netty\netty-buffer\4.1.36.Final\netty-buffer-4.1.36.Final.jar;D:\Maven\MavenRep\io\netty\netty-codec\4.1.36.Final\netty-codec-4.1.36.Final.jar;D:\Maven\MavenRep\io\netty\netty-transport\4.1.36.Final\netty-transport-4.1.36.Final.jar;D:\Maven\MavenRep\io\netty\netty-resolver\4.1.36.Final\netty-resolver-4.1.36.Final.jar;D:\Maven\MavenRep\io\projectreactor\reactor-core\3.2.10.RELEASE\reactor-core-3.2.10.RELEASE.jar;D:\Maven\MavenRep\org\reactivestreams\reactive-streams\1.0.2\reactive-streams-1.0.2.jar;D:\Maven\MavenRep\redis\clients\jedis\2.9.3\jedis-2.9.3.jar;D:\Maven\MavenRep\org\slf4j\slf4j-api\1.7.26\slf4j-api-1.7.26.jar;D:\Maven\MavenRep\org\apache\commons\commons-pool2\2.6.2\commons-pool2-2.6.2.jar;D:\Maven\MavenRep\org\springframework\boot\spring-boot-starter-web\2.1.6.RELEASE\spring-boot-starter-web-2.1.6.RELEASE.jar;D:\Maven\MavenRep\org\springframework\boot\spring-boot-starter-json\2.1.6.RELEASE\spring-boot-starter-json-2.1.6.RELEASE.jar;D:\Maven\MavenRep\com\fasterxml\jackson\datatype\jackson-datatype-jdk8\2.9.9\jackson-datatype-jdk8-2.9.9.jar;D:\Maven\MavenRep\com\fasterxml\jackson\datatype\jackson-datatype-jsr310\2.9.9\jackson-datatype-jsr310-2.9.9.jar;D:\Maven\MavenRep\com\fasterxml\jackson\module\jackson-module-parameter-names\2.9.9\jackson-module-parameter-names-2.9.9.jar;D:\Maven\MavenRep\org\hibernate\validator\hibernate-validator\6.0.17.Final\hibernate-validator-6.0.17.Final.jar;D:\Maven\MavenRep\javax\validation\validation-api\2.0.1.Final\validation-api-2.0.1.Final.jar;D:\Maven\MavenRep\org\jboss\logging\jboss-logging\3.3.2.Final\jboss-logging-3.3.2.Final.jar;D:\Maven\MavenRep\com\fasterxml\classmate\1.4.0\classmate-1.4.0.jar;D:\Maven\MavenRep\org\springframework\spring-web\5.1.8.RELEASE\spring-web-5.1.8.RELEASE.jar;D:\Maven\MavenRep\org\springframework\spring-webmvc\5.1.8.RELEASE\spring-webmvc-5.1.8.RELEASE.jar;D:\Maven\MavenRep\org\springframework\spring-expression\5.1.8.RELEASE\spring-expression-5.1.8.RELEASE.jar;D:\Maven\MavenRep\mysql\mysql-connector-java\8.0.16\mysql-connector-java-8.0.16.jar;D:\Maven\MavenRep\com\alibaba\druid\1.1.9\druid-1.1.9.jar;D:\Maven\MavenRep\org\springframework\boot\spring-boot-starter-tomcat\2.1.6.RELEASE\spring-boot-starter-tomcat-2.1.6.RELEASE.jar;D:\Maven\MavenRep\javax\annotation\javax.annotation-api\1.3.2\javax.annotation-api-1.3.2.jar;D:\Maven\MavenRep\org\apache\tomcat\embed\tomcat-embed-core\9.0.21\tomcat-embed-core-9.0.21.jar;D:\Maven\MavenRep\org\apache\tomcat\embed\tomcat-embed-el\9.0.21\tomcat-embed-el-9.0.21.jar;D:\Maven\MavenRep\org\apache\tomcat\embed\tomcat-embed-websocket\9.0.21\tomcat-embed-websocket-9.0.21.jar;D:\Maven\MavenRep\org\springframework\boot\spring-boot-starter-test\2.1.6.RELEASE\spring-boot-starter-test-2.1.6.RELEASE.jar;D:\Maven\MavenRep\org\springframework\boot\spring-boot-test-autoconfigure\2.1.6.RELEASE\spring-boot-test-autoconfigure-2.1.6.RELEASE.jar;D:\Maven\MavenRep\com\jayway\jsonpath\json-path\2.4.0\json-path-2.4.0.jar;D:\Maven\MavenRep\net\minidev\json-smart\2.3\json-smart-2.3.jar;D:\Maven\MavenRep\net\minidev\accessors-smart\1.2\accessors-smart-1.2.jar;D:\Maven\MavenRep\org\ow2\asm\asm\5.0.4\asm-5.0.4.jar;D:\Maven\MavenRep\org\assertj\assertj-core\3.11.1\assertj-core-3.11.1.jar;D:\Maven\MavenRep\org\mockito\mockito-core\2.23.4\mockito-core-2.23.4.jar;D:\Maven\MavenRep\net\bytebuddy\byte-buddy\1.9.13\byte-buddy-1.9.13.jar;D:\Maven\MavenRep\net\bytebuddy\byte-buddy-agent\1.9.13\byte-buddy-agent-1.9.13.jar;D:\Maven\MavenRep\org\objenesis\objenesis\2.6\objenesis-2.6.jar;D:\Maven\MavenRep\org\hamcrest\hamcrest-core\1.3\hamcrest-core-1.3.jar;D:\Maven\MavenRep\org\hamcrest\hamcrest-library\1.3\hamcrest-library-1.3.jar;D:\Maven\MavenRep\org\skyscreamer\jsonassert\1.5.0\jsonassert-1.5.0.jar;D:\Maven\MavenRep\com\vaadin\external\google\android-json\0.0.20131108.vaadin1\android-json-0.0.20131108.vaadin1.jar;D:\Maven\MavenRep\org\springframework\spring-core\5.1.8.RELEASE\spring-core-5.1.8.RELEASE.jar;D:\Maven\MavenRep\org\springframework\spring-jcl\5.1.8.RELEASE\spring-jcl-5.1.8.RELEASE.jar;D:\Maven\MavenRep\org\xmlunit\xmlunit-core\2.6.2\xmlunit-core-2.6.2.jar;D:\Maven\MavenRep\com\baomidou\mybatis-plus-boot-starter\3.1.2\mybatis-plus-boot-starter-3.1.2.jar;D:\Maven\MavenRep\org\springframework\boot\spring-boot-autoconfigure\2.1.6.RELEASE\spring-boot-autoconfigure-2.1.6.RELEASE.jar;D:\Maven\MavenRep\org\springframework\boot\spring-boot-starter-jdbc\2.1.6.RELEASE\spring-boot-starter-jdbc-2.1.6.RELEASE.jar;D:\Maven\MavenRep\com\zaxxer\HikariCP\3.2.0\HikariCP-3.2.0.jar;D:\Maven\MavenRep\org\springframework\spring-jdbc\5.1.8.RELEASE\spring-jdbc-5.1.8.RELEASE.jar;D:\Maven\MavenRep\com\baomidou\mybatis-plus\3.1.2\mybatis-plus-3.1.2.jar;D:\Maven\MavenRep\com\baomidou\mybatis-plus-extension\3.1.2\mybatis-plus-extension-3.1.2.jar;D:\Maven\MavenRep\com\baomidou\mybatis-plus-core\3.1.2\mybatis-plus-core-3.1.2.jar;D:\Maven\MavenRep\com\baomidou\mybatis-plus-annotation\3.1.2\mybatis-plus-annotation-3.1.2.jar;D:\Maven\MavenRep\org\mybatis\mybatis-spring\2.0.1\mybatis-spring-2.0.1.jar;D:\Maven\MavenRep\org\projectlombok\lombok\1.18.8\lombok-1.18.8.jar;D:\Maven\MavenRep\io\jsonwebtoken\jjwt\0.9.1\jjwt-0.9.1.jar;D:\Maven\MavenRep\com\fasterxml\jackson\core\jackson-databind\2.9.9\jackson-databind-2.9.9.jar;D:\Maven\MavenRep\com\fasterxml\jackson\core\jackson-annotations\2.9.0\jackson-annotations-2.9.0.jar;D:\Maven\MavenRep\com\fasterxml\jackson\core\jackson-core\2.9.9\jackson-core-2.9.9.jar;D:\Maven\MavenRep\junit\junit\4.12\junit-4.12.jar;D:\Maven\MavenRep\org\springframework\spring-test\5.1.8.RELEASE\spring-test-5.1.8.RELEASE.jar;D:\Maven\MavenRep\org\springframework\boot\spring-boot-test\2.1.6.RELEASE\spring-boot-test-2.1.6.RELEASE.jar;D:\Maven\MavenRep\org\springframework\boot\spring-boot\2.1.6.RELEASE\spring-boot-2.1.6.RELEASE.jar;D:\Maven\MavenRep\org\springframework\boot\spring-boot-starter-security\2.1.6.RELEASE\spring-boot-starter-security-2.1.6.RELEASE.jar;D:\Maven\MavenRep\org\springframework\spring-aop\5.1.8.RELEASE\spring-aop-5.1.8.RELEASE.jar;D:\Maven\MavenRep\org\springframework\security\spring-security-config\5.1.5.RELEASE\spring-security-config-5.1.5.RELEASE.jar;D:\Maven\MavenRep\org\springframework\security\spring-security-core\5.1.5.RELEASE\spring-security-core-5.1.5.RELEASE.jar;D:\Maven\MavenRep\org\springframework\security\spring-security-web\5.1.5.RELEASE\spring-security-web-5.1.5.RELEASE.jar;D:\Maven\MavenRep\org\springframework\boot\spring-boot-starter-thymeleaf\2.1.6.RELEASE\spring-boot-starter-thymeleaf-2.1.6.RELEASE.jar;D:\Maven\MavenRep\org\thymeleaf\thymeleaf-spring5\3.0.11.RELEASE\thymeleaf-spring5-3.0.11.RELEASE.jar;D:\Maven\MavenRep\org\thymeleaf\thymeleaf\3.0.11.RELEASE\thymeleaf-3.0.11.RELEASE.jar;D:\Maven\MavenRep\org\attoparser\attoparser\2.0.5.RELEASE\attoparser-2.0.5.RELEASE.jar;D:\Maven\MavenRep\org\unbescape\unbescape\1.1.6.RELEASE\unbescape-1.1.6.RELEASE.jar;D:\Maven\MavenRep\org\thymeleaf\extras\thymeleaf-extras-java8time\3.0.4.RELEASE\thymeleaf-extras-java8time-3.0.4.RELEASE.jar;D:\Maven\MavenRep\org\springframework\boot\spring-boot-starter-freemarker\2.1.6.RELEASE\spring-boot-starter-freemarker-2.1.6.RELEASE.jar;D:\Maven\MavenRep\org\freemarker\freemarker\2.3.28\freemarker-2.3.28.jar;D:\Maven\MavenRep\net\sourceforge\nekohtml\nekohtml\1.9.22\nekohtml-1.9.22.jar;D:\Maven\MavenRep\xerces\xercesImpl\2.11.0\xercesImpl-2.11.0.jar;D:\Maven\MavenRep\xml-apis\xml-apis\1.4.01\xml-apis-1.4.01.jar;D:\Maven\MavenRep\com\github\pagehelper\pagehelper-spring-boot-starter\1.2.12\pagehelper-spring-boot-starter-1.2.12.jar;D:\Maven\MavenRep\org\mybatis\spring\boot\mybatis-spring-boot-starter\2.0.1\mybatis-spring-boot-starter-2.0.1.jar;D:\Maven\MavenRep\org\mybatis\spring\boot\mybatis-spring-boot-autoconfigure\2.0.1\mybatis-spring-boot-autoconfigure-2.0.1.jar;D:\Maven\MavenRep\org\mybatis\mybatis\3.5.1\mybatis-3.5.1.jar;D:\Maven\MavenRep\com\github\pagehelper\pagehelper-spring-boot-autoconfigure\1.2.12\pagehelper-spring-boot-autoconfigure-1.2.12.jar;D:\Maven\MavenRep\com\github\pagehelper\pagehelper\5.1.10\pagehelper-5.1.10.jar;D:\Maven\MavenRep\com\github\jsqlparser\jsqlparser\2.0\jsqlparser-2.0.jar;"/>
    <property name="sun.cpu.endian" value="little"/>
    <property name="user.home" value="C:\Users\WJ"/>
    <property name="user.language" value="zh"/>
    <property name="java.specification.vendor" value="Oracle Corporation"/>
    <property name="java.home" value="C:\Program Files\Software\jdk1.8.0_25\jre"/>
    <property name="basedir" value="D:\Code\Idea\myblog"/>
    <property name="file.separator" value="\"/>
    <property name="line.separator" value="&#10;"/>
    <property name="java.vm.specification.vendor" value="Oracle Corporation"/>
    <property name="java.specification.name" value="Java Platform API Specification"/>
    <property name="java.awt.graphicsenv" value="sun.awt.Win32GraphicsEnvironment"/>
    <property name="surefire.real.class.path" value="C:\Users\WJ\AppData\Local\Temp\surefire1632646553678994607\surefirebooter6728195436763660520.jar"/>
    <property name="sun.boot.class.path" value="C:\Program Files\Software\jdk1.8.0_25\jre\lib\resources.jar;C:\Program Files\Software\jdk1.8.0_25\jre\lib\rt.jar;C:\Program Files\Software\jdk1.8.0_25\jre\lib\sunrsasign.jar;C:\Program Files\Software\jdk1.8.0_25\jre\lib\jsse.jar;C:\Program Files\Software\jdk1.8.0_25\jre\lib\jce.jar;C:\Program Files\Software\jdk1.8.0_25\jre\lib\charsets.jar;C:\Program Files\Software\jdk1.8.0_25\jre\lib\jfr.jar;C:\Program Files\Software\jdk1.8.0_25\jre\classes"/>
    <property name="user.script" value=""/>
    <property name="sun.management.compiler" value="HotSpot 64-Bit Tiered Compilers"/>
    <property name="java.runtime.version" value="1.8.0_221-b11"/>
    <property name="user.name" value="WJ"/>
    <property name="path.separator" value=";"/>
    <property name="os.version" value="10.0"/>
    <property name="java.endorsed.dirs" value="C:\Program Files\Software\jdk1.8.0_25\jre\lib\endorsed"/>
    <property name="java.runtime.name" value="Java(TM) SE Runtime Environment"/>
    <property name="file.encoding" value="GBK"/>
    <property name="java.vm.name" value="Java HotSpot(TM) 64-Bit Server VM"/>
    <property name="localRepository" value="D:\Maven\MavenRep"/>
    <property name="java.vendor.url.bug" value="http://bugreport.sun.com/bugreport/"/>
    <property name="java.io.tmpdir" value="C:\Users\WJ\AppData\Local\Temp\"/>
    <property name="java.version" value="1.8.0_221"/>
    <property name="user.dir" value="D:\Code\Idea\myblog"/>
    <property name="os.arch" value="amd64"/>
    <property name="java.vm.specification.name" value="Java Virtual Machine Specification"/>
    <property name="java.awt.printerjob" value="sun.awt.windows.WPrinterJob"/>
    <property name="sun.os.patch.level" value=""/>
    <property name="java.library.path" value="C:\Program Files\Software\jdk1.8.0_25\jre\bin;C:\Windows\Sun\Java\bin;C:\Windows\system32;C:\Windows;D:\app\WJ\product\11.2.0\dbhome_1\bin;C:\Windows\system32;C:\Windows;C:\Windows\System32\Wbem;C:\Windows\System32\WindowsPowerShell\v1.0\;C:\Windows\System32\OpenSSH\;C:\Program Files (x86)\Software\;C:\Program Files\Software\jdk1.8.0_25\bin;C:\Program Files\Software\mysql-5.5.62-winx64\bin;C:\Program Files\Software\jdk1.8.0_25\jre\bin;D:\Tomcat9\apache-tomcat-9.0.24\bin;D:\Maven\apache-maven-3.6.1\bin;C:\Program Files\dotnet\;C:\Program Files\Microsoft SQL Server\130\Tools\Binn\;D:\opencv\build\x64\vc14\bin;C:\Program Files\Software\Git\bin;C:\Users\WJ\AppData\Local\Microsoft\WindowsApps;;."/>
    <property name="java.vm.info" value="mixed mode"/>
    <property name="java.vendor" value="Oracle Corporation"/>
    <property name="java.vm.version" value="25.221-b11"/>
    <property name="java.ext.dirs" value="C:\Program Files\Software\jdk1.8.0_25\jre\lib\ext;C:\Windows\Sun\Java\lib\ext"/>
    <property name="sun.io.unicode.encoding" value="UnicodeLittle"/>
    <property name="java.class.version" value="52.0"/>
  </properties>
  <testcase name="contextLoads" classname="com.myblog.wj.MyblogApplicationTests" time="0.001"/>
</testsuite>